Arguments: 
  C:\Program Files\nodejs\node.exe C:\Users\55679\AppData\Roaming\npm\node_modules\yarn\bin\yarn.js add -D nodemon

PATH: 
  C:\Program Files (x86)\Common Files\Oracle\Java\javapath;C:\Windows\system32;C:\Windows;C:\Windows\System32\Wbem;C:\Windows\System32\WindowsPowerShell\v1.0\;C:\Windows\System32\OpenSSH\;C:\ProgramData\chocolatey\bin;C:\Program Files\nodejs\;C:\Program Files\Git\cmd;C:\Users\55679\AppData\Local\Programs\Python\Python37\Scripts\;C:\Users\55679\AppData\Local\Programs\Python\Python37\;C:\Users\55679\AppData\Local\Microsoft\WindowsApps;C:\Users\55679\AppData\Local\Programs\Microsoft VS Code\bin;C:\Users\55679\AppData\Roaming\npm;C:\Users\55679\AppData\Local\GitHubDesktop\bin;C:\Program Files\MongoDB\Server\4.2\bin;

Yarn version: 
  1.17.3

Node version: 
  12.8.0

Platform: 
  win32 x64

Trace: 
  Error: EBUSY: resource busy or locked, copyfile 'C:\Users\55679\AppData\Local\Yarn\Cache\v4\npm-balanced-match-1.0.0-89b4d199ab2bee49de164ea02b89ce462d71b767\node_modules\balanced-match\package.json' -> 'C:\Users\55679\Desktop\desunidos\node_modules\balanced-match\package.json'

npm manifest: 
  {
    "name": "desunidos",
    "version": "1.0.0",
    "description": "",
    "main": "index.js",
    "scripts": {
      "test": "echo \"Error: no test specified\" && exit 1"
    },
    "keywords": [],
    "author": "",
    "license": "ISC"
  }

yarn manifest: 
  No manifest

Lockfile: 
  No lockfile
